[debug] [2025-12-16T19:00:19.763Z] ----------------------------------------------------------------------
[debug] [2025-12-16T19:00:19.773Z] Command:       C:\Program Files\nodejs\node.exe C:\Users\DELL\AppData\Roaming\npm\node_modules\firebase-tools\lib\bin\firebase.js init hosting
[debug] [2025-12-16T19:00:19.774Z] CLI Version:   15.0.0
[debug] [2025-12-16T19:00:19.775Z] Platform:      win32
[debug] [2025-12-16T19:00:19.775Z] Node Version:  v24.11.0
[debug] [2025-12-16T19:00:19.775Z] Time:          Wed Dec 17 2025 00:30:19 GMT+0530 (India Standard Time)
[debug] [2025-12-16T19:00:19.776Z] ----------------------------------------------------------------------
[debug] 
[info] 
     ######## #### ########  ######## ########     ###     ######  ########
     ##        ##  ##     ## ##       ##     ##  ##   ##  ##       ##
     ######    ##  ########  ######   ########  #########  ######  ######
     ##        ##  ##    ##  ##       ##     ## ##     ##       ## ##
     ##       #### ##     ## ######## ########  ##     ##  ######  ########

You're about to initialize a Firebase project in this directory:

  E:\Kaamwale3\kaamwale3

[info] 
=== Project Setup
[info] 
[info] First, let's associate this project directory with a Firebase project.
[info] You can create multiple project aliases by running firebase use --add, 
[info] 
[info] i  If you want to create a project in a Google Cloud organization or folder, please use "firebase projects:create" instead, and return to this command when you've created the project. 
[debug] [2025-12-16T19:00:50.160Z] > command requires scopes: ["email","openid","https://www.googleapis.com/auth/cloudplatformprojects.readonly","https://www.googleapis.com/auth/firebase","https://www.googleapis.com/auth/cloud-platform"]
[debug] [2025-12-16T19:00:50.161Z] > authorizing via signed-in user (anjalighadse04@gmail.com)
[debug] [2025-12-16T19:06:08.990Z] Checked if tokens are valid: true, expires at: 1765915198657
[debug] [2025-12-16T19:06:08.992Z] Checked if tokens are valid: true, expires at: 1765915198657
[debug] [2025-12-16T19:06:09.002Z] >>> [apiv2][query] POST https://firebase.googleapis.com/v1/projects:checkProjectId [none]
[debug] [2025-12-16T19:06:09.002Z] >>> [apiv2][body] POST https://firebase.googleapis.com/v1/projects:checkProjectId {"proposedId":"Do-work-Frontend"}
[debug] [2025-12-16T19:06:09.799Z] <<< [apiv2][status] POST https://firebase.googleapis.com/v1/projects:checkProjectId 200
[debug] [2025-12-16T19:06:09.799Z] <<< [apiv2][body] POST https://firebase.googleapis.com/v1/projects:checkProjectId {"projectIdStatus":"PROJECT_ID_NOT_VALID","suggestedProjectId":"do-work-frontend"}
[debug] [2025-12-16T19:06:19.546Z] Checked if tokens are valid: true, expires at: 1765915198657
[debug] [2025-12-16T19:06:19.546Z] Checked if tokens are valid: true, expires at: 1765915198657
[debug] [2025-12-16T19:06:19.548Z] >>> [apiv2][query] POST https://firebase.googleapis.com/v1/projects:checkProjectId [none]
[debug] [2025-12-16T19:06:19.548Z] >>> [apiv2][body] POST https://firebase.googleapis.com/v1/projects:checkProjectId {"proposedId":"Do-work-Frontend-100"}
[debug] [2025-12-16T19:06:19.951Z] <<< [apiv2][status] POST https://firebase.googleapis.com/v1/projects:checkProjectId 200
[debug] [2025-12-16T19:06:19.952Z] <<< [apiv2][body] POST https://firebase.googleapis.com/v1/projects:checkProjectId {"projectIdStatus":"PROJECT_ID_NOT_VALID","suggestedProjectId":"do-work-frontend-100"}
[debug] [2025-12-16T19:06:27.739Z] Checked if tokens are valid: true, expires at: 1765915198657
[debug] [2025-12-16T19:06:27.740Z] Checked if tokens are valid: true, expires at: 1765915198657
[debug] [2025-12-16T19:06:27.743Z] >>> [apiv2][query] POST https://firebase.googleapis.com/v1/projects:checkProjectId [none]
[debug] [2025-12-16T19:06:27.743Z] >>> [apiv2][body] POST https://firebase.googleapis.com/v1/projects:checkProjectId {"proposedId":"Do-work-Frontend-9579"}
[debug] [2025-12-16T19:06:28.144Z] <<< [apiv2][status] POST https://firebase.googleapis.com/v1/projects:checkProjectId 200
[debug] [2025-12-16T19:06:28.144Z] <<< [apiv2][body] POST https://firebase.googleapis.com/v1/projects:checkProjectId {"projectIdStatus":"PROJECT_ID_NOT_VALID","suggestedProjectId":"do-work-frontend-9579"}
[debug] [2025-12-16T19:06:51.554Z] Checked if tokens are valid: true, expires at: 1765915198657
[debug] [2025-12-16T19:06:51.555Z] Checked if tokens are valid: true, expires at: 1765915198657
[debug] [2025-12-16T19:06:51.557Z] >>> [apiv2][query] POST https://firebase.googleapis.com/v1/projects:checkProjectId [none]
[debug] [2025-12-16T19:06:51.557Z] >>> [apiv2][body] POST https://firebase.googleapis.com/v1/projects:checkProjectId {"proposedId":"Do-work-Frontend-9579047919"}
[debug] [2025-12-16T19:06:51.968Z] <<< [apiv2][status] POST https://firebase.googleapis.com/v1/projects:checkProjectId 200
[debug] [2025-12-16T19:06:51.968Z] <<< [apiv2][body] POST https://firebase.googleapis.com/v1/projects:checkProjectId {"projectIdStatus":"PROJECT_ID_NOT_VALID","suggestedProjectId":"do-work-frontend-9579047919"}
[debug] [2025-12-16T19:07:21.315Z] Checked if tokens are valid: true, expires at: 1765915198657
[debug] [2025-12-16T19:07:21.315Z] Checked if tokens are valid: true, expires at: 1765915198657
[debug] [2025-12-16T19:07:21.318Z] >>> [apiv2][query] POST https://firebase.googleapis.com/v1/projects:checkProjectId [none]
[debug] [2025-12-16T19:07:21.318Z] >>> [apiv2][body] POST https://firebase.googleapis.com/v1/projects:checkProjectId {"proposedId":"do-work-frontend-9579047919."}
[debug] [2025-12-16T19:07:21.774Z] <<< [apiv2][status] POST https://firebase.googleapis.com/v1/projects:checkProjectId 400
[debug] [2025-12-16T19:07:21.774Z] <<< [apiv2][body] POST https://firebase.googleapis.com/v1/projects:checkProjectId {"error":{"code":400,"message":"Request contains an invalid argument.","status":"INVALID_ARGUMENT"}}
[debug] [2025-12-16T19:07:21.788Z] Couldn't check if project ID do-work-frontend-9579047919. is available. Original error: FirebaseError: Failed to check if project ID is available. See firebase-debug.log for more info.
[debug] [2025-12-16T19:07:30.831Z] Checked if tokens are valid: true, expires at: 1765915198657
[debug] [2025-12-16T19:07:30.832Z] Checked if tokens are valid: true, expires at: 1765915198657
[debug] [2025-12-16T19:07:30.832Z] >>> [apiv2][query] POST https://cloudresourcemanager.googleapis.com/v1/projects [none]
[debug] [2025-12-16T19:07:30.832Z] >>> [apiv2][body] POST https://cloudresourcemanager.googleapis.com/v1/projects {"projectId":"do-work-frontend-9579047919.","name":"do-work-frontend-9579047919."}
[debug] [2025-12-16T19:07:32.420Z] <<< [apiv2][status] POST https://cloudresourcemanager.googleapis.com/v1/projects 400
[debug] [2025-12-16T19:07:32.420Z] <<< [apiv2][body] POST https://cloudresourcemanager.googleapis.com/v1/projects {"error":{"code":400,"message":"Request contains an invalid argument.","status":"INVALID_ARGUMENT","details":[{"@type":"type.googleapis.com/google.rpc.BadRequest","fieldViolations":[{"field":"project_id","description":"project_id contains invalid characters"},{"field":"display_name","description":"project display name contains invalid characters"}]},{"@type":"type.googleapis.com/google.rpc.Help","links":[{"url":"https://cloud.google.com/resource-manager/reference/rest/v1/projects"}]}]}}
[debug] [2025-12-16T19:07:32.576Z] FirebaseError: Request to https://cloudresourcemanager.googleapis.com/v1/projects had HTTP Error: 400, Request contains an invalid argument.
    at responseToError (C:\Users\DELL\AppData\Roaming\npm\node_modules\firebase-tools\lib\responseToError.js:53:12)
    at RetryOperation._fn (C:\Users\DELL\AppData\Roaming\npm\node_modules\firebase-tools\lib\apiv2.js:322:77)
    at process.processTicksAndRejections (node:internal/process/task_queues:105:5)
[error] 
[error] Error: Failed to create project. See firebase-debug.log for more info.
